18:13:08: Creating resource group General
18:13:08: Creating resource group OgreInternal
18:13:08: Creating resource group OgreAutodetect
18:13:08: Registering ResourceManager for type Mesh
18:13:08: Registering ResourceManager for type Material
18:13:08: Registering ResourceManager for type Skeleton
18:13:08: XMLMeshSerializer reading mesh data from C:\Users\eston\Documents\GitHub\RoadCrossingSimulator2\Media\Models\Lorry\Cube.mesh.xml...
18:13:08: Reading geometry...
18:13:08: Geometry done...
18:13:08: Reading submeshes...
18:13:08: Submeshes done.
18:13:08: Reading mesh names...
18:13:08: Mesh names done.
18:13:08: XMLMeshSerializer import successful.
18:13:08: MeshSerializer writing mesh data to stream C:\Users\eston\Documents\GitHub\RoadCrossingSimulator2\Media\Models\Lorry\Cube.mesh...
18:13:08: File header written.
18:13:08: Writing mesh data...
18:13:08: Writing submesh...
18:13:08: Exporting submesh texture aliases...
18:13:08: Submesh texture aliases exported.
18:13:08: Submesh exported.
18:13:08: Exporting bounds information....
18:13:08: Bounds information exported.
18:13:08: Exporting submesh name table...
18:13:08: Submesh name table exported.
18:13:08: Mesh data exported.
18:13:08: MeshSerializer export successful.
18:13:08: Unregistering ResourceManager for type Skeleton
18:13:08: Unregistering ResourceManager for type Material
18:13:08: Unregistering ResourceManager for type Mesh
