18:34:42: Creating resource group General
18:34:42: Creating resource group OgreInternal
18:34:42: Creating resource group OgreAutodetect
18:34:42: Registering ResourceManager for type Mesh
18:34:42: Registering ResourceManager for type Material
18:34:42: Registering ResourceManager for type Skeleton
18:34:42: XMLMeshSerializer reading mesh data from C:\Users\eston\Documents\GitHub\RoadCrossingSimulator2\Media\Models\Car\Car.mesh.xml...
18:34:42: Reading geometry...
18:34:42: Geometry done...
18:34:42: Reading submeshes...
18:34:42: Submeshes done.
18:34:42: Reading mesh names...
18:34:42: Mesh names done.
18:34:42: XMLMeshSerializer import successful.
18:34:42: MeshSerializer writing mesh data to stream C:\Users\eston\Documents\GitHub\RoadCrossingSimulator2\Media\Models\Car\Car.mesh...
18:34:42: File header written.
18:34:42: Writing mesh data...
18:34:42: Writing submesh...
18:34:42: Exporting submesh texture aliases...
18:34:42: Submesh texture aliases exported.
18:34:42: Submesh exported.
18:34:42: Exporting bounds information....
18:34:42: Bounds information exported.
18:34:42: Exporting submesh name table...
18:34:42: Submesh name table exported.
18:34:42: Mesh data exported.
18:34:42: MeshSerializer export successful.
18:34:42: Unregistering ResourceManager for type Skeleton
18:34:42: Unregistering ResourceManager for type Material
18:34:42: Unregistering ResourceManager for type Mesh
