18:14:56: Creating resource group General
18:14:56: Creating resource group OgreInternal
18:14:56: Creating resource group OgreAutodetect
18:14:56: Registering ResourceManager for type Mesh
18:14:56: Registering ResourceManager for type Material
18:14:56: Registering ResourceManager for type Skeleton
18:14:56: XMLMeshSerializer reading mesh data from C:\Users\eston\Documents\GitHub\RoadCrossingSimulator2\Media\Models\Jeep\Jeep.mesh.xml...
18:14:56: Reading geometry...
18:14:56: Geometry done...
18:14:56: Reading submeshes...
18:14:56: Submeshes done.
18:14:56: Reading mesh names...
18:14:56: Mesh names done.
18:14:56: XMLMeshSerializer import successful.
18:14:56: MeshSerializer writing mesh data to stream C:\Users\eston\Documents\GitHub\RoadCrossingSimulator2\Media\Models\Jeep\Jeep.mesh...
18:14:56: File header written.
18:14:56: Writing mesh data...
18:14:56: Writing submesh...
18:14:56: Exporting submesh texture aliases...
18:14:56: Submesh texture aliases exported.
18:14:56: Submesh exported.
18:14:56: Exporting bounds information....
18:14:56: Bounds information exported.
18:14:56: Exporting submesh name table...
18:14:56: Submesh name table exported.
18:14:56: Mesh data exported.
18:14:56: MeshSerializer export successful.
18:14:56: Unregistering ResourceManager for type Skeleton
18:14:56: Unregistering ResourceManager for type Material
18:14:56: Unregistering ResourceManager for type Mesh
