20:19:32: Creating resource group General
20:19:32: Creating resource group OgreInternal
20:19:32: Creating resource group OgreAutodetect
20:19:32: Registering ResourceManager for type Material
20:19:32: Registering ResourceManager for type Skeleton
20:19:32: Registering ResourceManager for type Mesh
20:19:32: Skeleton: Loading Student.skeleton
20:19:32: Error: Unable to load skeleton 'Student.skeleton' for Mesh 'conversion'. This Mesh will not be animated. You can ignore this message if you are using an offline tool.
20:19:32: MeshSerializer writing mesh data to stream C:\Users\eston\Documents\GitHub\RoadCrossingSimulator2\Media\Models\Student\Student.mesh...
20:19:32: File header written.
20:19:32: Writing mesh data...
20:19:32: Writing submesh...
20:19:32: Exporting submesh texture aliases...
20:19:32: Submesh texture aliases exported.
20:19:32: Submesh exported.
20:19:32: Exporting skeleton link...
20:19:32: Skeleton link exported.
20:19:32: Exporting shared geometry bone assignments...
20:19:32: Shared geometry bone assignments exported.
20:19:32: Exporting bounds information....
20:19:32: Bounds information exported.
20:19:32: Exporting submesh name table...
20:19:32: Submesh name table exported.
20:19:32: Exporting edge lists...
20:19:32: Edge lists exported
20:19:32: Mesh data exported.
20:19:32: MeshSerializer export successful.
20:19:32: Unregistering ResourceManager for type Mesh
20:19:32: Unregistering ResourceManager for type Skeleton
20:19:32: Unregistering ResourceManager for type Material
