17:22:58: Creating resource group General
17:22:58: Creating resource group OgreInternal
17:22:58: Creating resource group OgreAutodetect
17:22:58: Registering ResourceManager for type Mesh
17:22:58: Registering ResourceManager for type Material
17:22:58: Registering ResourceManager for type Skeleton
17:22:58: XMLMeshSerializer reading mesh data from C:\Users\eston\Documents\GitHub\RoadCrossingSimulator2\Media\Models\Setting\Environment\export\Road_Lane.mesh.xml...
17:22:58: Reading geometry...
17:22:58: Geometry done...
17:22:58: Reading submeshes...
17:22:58: Submeshes done.
17:22:58: Reading mesh names...
17:22:58: Mesh names done.
17:22:58: XMLMeshSerializer import successful.
17:22:58: MeshSerializer writing mesh data to stream C:\Users\eston\Documents\GitHub\RoadCrossingSimulator2\Media\Models\Setting\Environment\export\Road_Lane.mesh...
17:22:58: File header written.
17:22:58: Writing mesh data...
17:22:58: Writing submesh...
17:22:58: Exporting submesh texture aliases...
17:22:58: Submesh texture aliases exported.
17:22:58: Submesh exported.
17:22:58: Writing submesh...
17:22:58: Exporting submesh texture aliases...
17:22:58: Submesh texture aliases exported.
17:22:58: Submesh exported.
17:22:58: Exporting bounds information....
17:22:58: Bounds information exported.
17:22:58: Exporting submesh name table...
17:22:58: Submesh name table exported.
17:22:58: Mesh data exported.
17:22:58: MeshSerializer export successful.
17:22:58: Unregistering ResourceManager for type Skeleton
17:22:58: Unregistering ResourceManager for type Material
17:22:58: Unregistering ResourceManager for type Mesh
