15:44:53: Creating resource group General
15:44:53: Creating resource group OgreInternal
15:44:53: Creating resource group OgreAutodetect
15:44:53: Registering ResourceManager for type Mesh
15:44:53: Registering ResourceManager for type Material
15:44:53: Registering ResourceManager for type Skeleton
15:44:53: XMLMeshSerializer reading mesh data from C:\Users\eston\Documents\GitHub\RoadCrossingSimulator2\Media\Models\Setting\Environment\Environment.mesh.xml...
15:44:53: Reading geometry...
15:44:54: Geometry done...
15:44:54: Reading submeshes...
15:44:54: Submeshes done.
15:44:54: Reading mesh names...
15:44:54: Mesh names done.
15:44:54: XMLMeshSerializer import successful.
15:44:54: MeshSerializer writing mesh data to stream C:\Users\eston\Documents\GitHub\RoadCrossingSimulator2\Media\Models\Setting\Environment\Environment.mesh...
15:44:54: File header written.
15:44:54: Writing mesh data...
15:44:54: Writing submesh...
15:44:54: Exporting submesh texture aliases...
15:44:54: Submesh texture aliases exported.
15:44:54: Submesh exported.
15:44:54: Writing submesh...
15:44:54: Exporting submesh texture aliases...
15:44:54: Submesh texture aliases exported.
15:44:54: Submesh exported.
15:44:54: Writing submesh...
15:44:54: Exporting submesh texture aliases...
15:44:54: Submesh texture aliases exported.
15:44:54: Submesh exported.
15:44:54: Exporting bounds information....
15:44:54: Bounds information exported.
15:44:54: Exporting submesh name table...
15:44:54: Submesh name table exported.
15:44:54: Mesh data exported.
15:44:54: MeshSerializer export successful.
15:44:54: Unregistering ResourceManager for type Skeleton
15:44:54: Unregistering ResourceManager for type Material
15:44:54: Unregistering ResourceManager for type Mesh
